<?xml version="1.0" encoding="UTF-8"?>
<testsuite xmlns:xsi="http://www.w3.org/2001/XMLSchema-instance" xsi:noNamespaceSchemaLocation="https://maven.apache.org/surefire/maven-surefire-plugin/xsd/surefire-test-report.xsd" version="3.0.2" name="com.example.catalog.service.ProductServiceTest" time="0.742" tests="9" errors="0" skipped="0" failures="0" flakes="0">
  <properties>
[...]
</properties>
  <testcase name="delete_softDeletes_ratherThanRemoving" classname="com.example.catalog.service.ProductServiceTest" time="0.667">
    <system-err><![CDATA[Mockito is currently self-attaching to enable the inline-mock-maker. This will no longer work in future releases of the JDK. Please add Mockito as an agent to your build as described in Mockito's documentation: https://javadoc.io/doc/org.mockito/mockito-core/latest/org.mockito/org/mockito/Mockito.html#0.3
WARNING: A Java agent has been loaded dynamically (/Users/ananya/.m2/repository/net/bytebuddy/byte-buddy-agent/1.18.12/byte-buddy-agent-1.18.12.jar)
WARNING: If a serviceability tool is in use, please run with -XX:+EnableDynamicAgentLoading to hide this warning
WARNING: If a serviceability tool is not in use, please run with -Djdk.instrument.traceUsage for more information
WARNING: Dynamic loading of agents will be disallowed by default in a future release
]]></system-err>
  </testcase>
  <testcase name="list_rejectsCursorForDifferentFilters" classname="com.example.catalog.service.ProductServiceTest" time="0.038"/>
  <testcase name="create_savesProduct_whenSkuIsUnique" classname="com.example.catalog.service.ProductServiceTest" time="0.005"/>
  <testcase name="create_throws_whenSkuAlreadyExists" classname="com.example.catalog.service.ProductServiceTest" time="0.003"/>
  <testcase name="getById_throwsNotFound_whenMissing" classname="com.example.catalog.service.ProductServiceTest" time="0.002"/>
  <testcase name="list_rejectsInvalidPriceRange" classname="com.example.catalog.service.ProductServiceTest" time="0.002"/>
  <testcase name="list_setsHasMoreAndNextCursor_whenExtraRowFetched" classname="com.example.catalog.service.ProductServiceTest" time="0.008"/>
  <testcase name="update_preservesInactiveState_whenActiveIsOmitted" classname="com.example.catalog.service.ProductServiceTest" time="0.002"/>
  <testcase name="list_noNextCursor_whenLastPage" classname="com.example.catalog.service.ProductServiceTest" time="0.002"/>
</testsuite>